<?xml version="1.0" encoding="UTF-8"?>
<testsuite xmlns:xsi="http://www.w3.org/2001/XMLSchema-instance" xsi:noNamespaceSchemaLocation="https://maven.apache.org/surefire/maven-surefire-plugin/xsd/surefire-test-report.xsd" name="com.apiTest.restAssuredTest.AppTest" time="5.99" tests="8" errors="0" skipped="0" failures="0">
  <properties>
[...]
</properties>
  <testcase name="testPostEndpoint" classname="com.apiTest.restAssuredTest.AppTest" time="2.818"/>
  <testcase name="testDeleteEndpoint" classname="com.apiTest.restAssuredTest.AppTest" time="0.651"/>
  <testcase name="testGetEndpoint" classname="com.apiTest.restAssuredTest.AppTest" time="0.093"/>
  <testcase name="testPostInvalidData" classname="com.apiTest.restAssuredTest.AppTest" time="0.431"/>
  <testcase name="testGetNonExistentEndpoint" classname="com.apiTest.restAssuredTest.AppTest" time="0.443"/>
  <testcase name="testPutInvalidData" classname="com.apiTest.restAssuredTest.AppTest" time="0.568"/>
  <testcase name="testPutEndpoint" classname="com.apiTest.restAssuredTest.AppTest" time="0.536"/>
  <testcase name="testDeleteNonExistentEndpoint" classname="com.apiTest.restAssuredTest.AppTest" time="0.438"/>
</testsuite>